
2024/10/18 (15:01:11) | ===> btop++ v.1.4.0
2024/10/18 (15:01:11) | ERROR: Couldn't determine terminal size of "STDOUT_FILENO"!
2024/10/18 (15:01:11) | ERROR: Couldn't determine terminal size of "/dev/tty"!

2024/10/27 (19:17:59) | ===> btop++ v.1.4.0
2024/10/27 (19:17:59) | WARNING: Intel GPU: Failed to initialize PMU

2024/10/27 (20:37:54) | ===> btop++ v.1.4.0
2024/10/27 (20:37:54) | WARNING: Intel GPU: Failed to initialize PMU

2024/10/29 (18:55:51) | ===> btop++ v.1.4.0
2024/10/29 (18:55:51) | WARNING: Intel GPU: Failed to initialize PMU

2024/10/30 (12:07:03) | ===> btop++ v.1.4.0
2024/10/30 (12:07:03) | WARNING: Intel GPU: Failed to initialize PMU

2024/10/30 (12:09:52) | ===> btop++ v.1.4.0
2024/10/30 (12:09:52) | WARNING: Intel GPU: Failed to initialize PMU

2024/11/01 (13:52:20) | ===> btop++ v.1.4.0
2024/11/01 (13:52:20) | WARNING: Intel GPU: Failed to initialize PMU

2024/11/01 (14:30:27) | ===> btop++ v.1.4.0
2024/11/01 (14:30:27) | WARNING: Intel GPU: Failed to initialize PMU

2024/11/01 (20:23:10) | ===> btop++ v.1.4.0
2024/11/01 (20:23:10) | WARNING: Intel GPU: Failed to initialize PMU

2024/11/01 (20:55:46) | ===> btop++ v.1.4.0
2024/11/01 (20:55:46) | WARNING: Intel GPU: Failed to initialize PMU

2024/11/01 (20:56:01) | ===> btop++ v.1.4.0
2024/11/01 (20:56:01) | WARNING: Intel GPU: Failed to initialize PMU

2024/11/01 (21:16:19) | ===> btop++ v.1.4.0
2024/11/01 (21:16:19) | WARNING: Intel GPU: Failed to initialize PMU

2024/11/01 (21:24:43) | ===> btop++ v.1.4.0
2024/11/01 (21:24:43) | WARNING: Intel GPU: Failed to initialize PMU

2024/11/01 (21:25:25) | ===> btop++ v.1.4.0
2024/11/01 (21:25:25) | WARNING: Intel GPU: Failed to initialize PMU

2024/11/01 (21:26:28) | ===> btop++ v.1.4.0
2024/11/01 (21:26:28) | WARNING: Intel GPU: Failed to initialize PMU

2024/11/01 (21:29:43) | ===> btop++ v.1.4.0
2024/11/01 (21:29:43) | WARNING: Intel GPU: Failed to initialize PMU

2024/11/01 (23:32:19) | ===> btop++ v.1.4.0
2024/11/01 (23:32:19) | WARNING: Intel GPU: Failed to initialize PMU

2024/11/02 (00:18:56) | ===> btop++ v.1.4.0
2024/11/02 (00:18:56) | WARNING: Intel GPU: Failed to initialize PMU

2024/11/02 (00:30:16) | ===> btop++ v.1.4.0
2024/11/02 (00:30:16) | WARNING: Intel GPU: Failed to initialize PMU

2024/11/02 (13:27:07) | ===> btop++ v.1.4.0
2024/11/02 (13:27:07) | WARNING: Intel GPU: Failed to initialize PMU

2024/11/02 (13:35:26) | ===> btop++ v.1.4.0
2024/11/02 (13:35:26) | WARNING: Intel GPU: Failed to initialize PMU

2024/11/02 (13:36:55) | ===> btop++ v.1.4.0
2024/11/02 (13:36:55) | WARNING: Intel GPU: Failed to initialize PMU

2024/11/02 (13:38:40) | ===> btop++ v.1.4.0
2024/11/02 (13:38:40) | WARNING: Intel GPU: Failed to initialize PMU

2024/11/02 (13:52:03) | ===> btop++ v.1.4.0
2024/11/02 (13:52:03) | WARNING: Intel GPU: Failed to initialize PMU

2024/11/02 (14:08:10) | ===> btop++ v.1.4.0
2024/11/02 (14:08:10) | WARNING: Intel GPU: Failed to initialize PMU

2024/11/02 (20:07:38) | ===> btop++ v.1.4.0
2024/11/02 (20:07:38) | WARNING: Intel GPU: Failed to initialize PMU

2024/11/02 (21:00:39) | ===> btop++ v.1.4.0
2024/11/02 (21:00:39) | WARNING: Intel GPU: Failed to initialize PMU

2024/11/02 (22:15:32) | ===> btop++ v.1.4.0
2024/11/02 (22:15:32) | WARNING: Intel GPU: Failed to initialize PMU

2024/11/02 (22:25:14) | ===> btop++ v.1.4.0
2024/11/02 (22:25:14) | WARNING: Intel GPU: Failed to initialize PMU

2024/11/02 (22:33:50) | ===> btop++ v.1.4.0
2024/11/02 (22:33:50) | WARNING: Intel GPU: Failed to initialize PMU

2024/11/03 (09:40:17) | ===> btop++ v.1.4.0
2024/11/03 (09:40:17) | WARNING: Intel GPU: Failed to initialize PMU

2024/11/03 (10:06:51) | ===> btop++ v.1.4.0
2024/11/03 (10:06:51) | WARNING: Intel GPU: Failed to initialize PMU

2024/11/03 (10:50:59) | ===> btop++ v.1.4.0
2024/11/03 (10:50:59) | WARNING: Intel GPU: Failed to initialize PMU

2024/11/03 (11:47:35) | ===> btop++ v.1.4.0
2024/11/03 (11:47:35) | WARNING: Intel GPU: Failed to initialize PMU

2024/11/03 (12:37:56) | ===> btop++ v.1.4.0
2024/11/03 (12:37:56) | WARNING: Intel GPU: Failed to initialize PMU

2024/11/03 (13:33:01) | ===> btop++ v.1.4.0
2024/11/03 (13:33:01) | WARNING: Intel GPU: Failed to initialize PMU

2024/11/03 (13:35:39) | ===> btop++ v.1.4.0
2024/11/03 (13:35:39) | WARNING: Intel GPU: Failed to initialize PMU

2024/11/03 (13:42:23) | ===> btop++ v.1.4.0
2024/11/03 (13:42:23) | WARNING: Intel GPU: Failed to initialize PMU

2024/11/03 (15:52:58) | ===> btop++ v.1.4.0
2024/11/03 (15:52:58) | WARNING: Intel GPU: Failed to initialize PMU

2024/11/03 (16:00:04) | ===> btop++ v.1.4.0
2024/11/03 (16:00:04) | WARNING: Intel GPU: Failed to initialize PMU

2024/11/03 (16:13:16) | ===> btop++ v.1.4.0
2024/11/03 (16:13:16) | WARNING: Intel GPU: Failed to initialize PMU

2024/11/03 (18:44:04) | ===> btop++ v.1.4.0
2024/11/03 (18:44:04) | WARNING: Intel GPU: Failed to initialize PMU

2024/11/04 (20:38:23) | ===> btop++ v.1.4.0
2024/11/04 (20:38:23) | WARNING: Intel GPU: Failed to initialize PMU

2024/11/04 (20:43:42) | ===> btop++ v.1.4.0
2024/11/04 (20:43:42) | WARNING: Intel GPU: Failed to initialize PMU

2024/11/04 (20:46:47) | ===> btop++ v.1.4.0
2024/11/04 (20:46:47) | WARNING: Intel GPU: Failed to initialize PMU

2024/11/04 (21:48:51) | ===> btop++ v.1.4.0
2024/11/04 (21:48:51) | WARNING: Intel GPU: Failed to initialize PMU

2024/11/05 (10:39:06) | ===> btop++ v.1.4.0
2024/11/05 (10:39:06) | ERROR: No tty detected!
btop++ needs an interactive shell to run.

2024/11/05 (10:39:15) | ===> btop++ v.1.4.0
2024/11/05 (10:39:15) | WARNING: Intel GPU: Failed to initialize PMU

2024/11/05 (10:39:34) | ===> btop++ v.1.4.0
2024/11/05 (10:39:34) | ERROR: No tty detected!
btop++ needs an interactive shell to run.

2024/11/05 (12:51:39) | ===> btop++ v.1.4.0
2024/11/05 (12:51:39) | WARNING: Intel GPU: Failed to initialize PMU

2024/11/05 (18:32:09) | ===> btop++ v.1.4.0
2024/11/05 (18:32:09) | WARNING: Intel GPU: Failed to initialize PMU

2024/11/05 (18:33:16) | ===> btop++ v.1.4.0
2024/11/05 (18:33:16) | WARNING: Intel GPU: Failed to initialize PMU

2024/11/05 (18:35:42) | ===> btop++ v.1.4.0
2024/11/05 (18:35:42) | WARNING: Intel GPU: Failed to initialize PMU

2024/11/05 (18:39:44) | ===> btop++ v.1.4.0
2024/11/05 (18:39:44) | WARNING: Intel GPU: Failed to initialize PMU

2024/11/05 (20:00:33) | ===> btop++ v.1.4.0
2024/11/05 (20:00:33) | ERROR: No tty detected!
btop++ needs an interactive shell to run.

2024/11/05 (20:00:47) | ===> btop++ v.1.4.0
2024/11/05 (20:00:47) | WARNING: Intel GPU: Failed to initialize PMU

2024/11/05 (20:15:27) | ===> btop++ v.1.4.0
2024/11/05 (20:15:27) | ERROR: No tty detected!
btop++ needs an interactive shell to run.

2024/11/05 (20:15:42) | ===> btop++ v.1.4.0
2024/11/05 (20:15:42) | WARNING: Intel GPU: Failed to initialize PMU

2024/11/07 (01:43:40) | ===> btop++ v.1.4.0
2024/11/07 (01:43:40) | WARNING: Intel GPU: Failed to initialize PMU

2024/11/07 (01:45:04) | ===> btop++ v.1.4.0
2024/11/07 (01:45:04) | ERROR: No tty detected!
btop++ needs an interactive shell to run.

2024/11/07 (01:45:08) | ===> btop++ v.1.4.0
2024/11/07 (01:45:08) | WARNING: Intel GPU: Failed to initialize PMU

2024/11/07 (01:46:50) | ===> btop++ v.1.4.0
2024/11/07 (01:46:50) | WARNING: Intel GPU: Failed to initialize PMU

2024/11/07 (01:47:21) | ===> btop++ v.1.4.0
2024/11/07 (01:47:21) | WARNING: Intel GPU: Failed to initialize PMU

2024/11/07 (01:47:47) | ===> btop++ v.1.4.0
2024/11/07 (01:47:47) | WARNING: Intel GPU: Failed to initialize PMU

2024/11/07 (01:51:04) | ===> btop++ v.1.4.0
2024/11/07 (01:51:04) | WARNING: Intel GPU: Failed to initialize PMU

2024/11/07 (01:55:23) | ===> btop++ v.1.4.0
2024/11/07 (01:55:23) | WARNING: Intel GPU: Failed to initialize PMU

2024/11/07 (01:58:38) | ===> btop++ v.1.4.0
2024/11/07 (01:58:38) | WARNING: Intel GPU: Failed to initialize PMU

2024/11/07 (16:48:44) | ===> btop++ v.1.4.0
2024/11/07 (16:48:44) | WARNING: Intel GPU: Failed to initialize PMU

2024/11/07 (17:11:50) | ===> btop++ v.1.4.0
2024/11/07 (17:11:50) | ERROR: No tty detected!
btop++ needs an interactive shell to run.

2024/11/07 (17:11:56) | ===> btop++ v.1.4.0
2024/11/07 (17:11:56) | WARNING: Intel GPU: Failed to initialize PMU

2024/11/08 (15:55:42) | ===> btop++ v.1.4.0
2024/11/08 (15:55:42) | WARNING: Intel GPU: Failed to initialize PMU

2024/11/08 (17:27:03) | ===> btop++ v.1.4.0
2024/11/08 (17:27:03) | WARNING: Intel GPU: Failed to initialize PMU

2024/11/09 (13:59:43) | ===> btop++ v.1.4.0
2024/11/09 (13:59:43) | WARNING: Intel GPU: Failed to initialize PMU

2024/11/09 (19:53:11) | ===> btop++ v.1.4.0
2024/11/09 (19:53:11) | WARNING: Intel GPU: Failed to initialize PMU

2024/11/09 (21:59:44) | ===> btop++ v.1.4.0
2024/11/09 (21:59:44) | WARNING: Intel GPU: Failed to initialize PMU

2024/11/10 (09:43:38) | ===> btop++ v.1.4.0
2024/11/10 (09:43:38) | WARNING: Intel GPU: Failed to initialize PMU

2024/11/10 (11:16:03) | ===> btop++ v.1.4.0
2024/11/10 (11:16:03) | WARNING: Intel GPU: Failed to initialize PMU

2024/11/10 (11:17:27) | ===> btop++ v.1.4.0
2024/11/10 (11:17:27) | WARNING: Intel GPU: Failed to initialize PMU

2024/11/10 (11:24:00) | ===> btop++ v.1.4.0
2024/11/10 (11:24:00) | WARNING: Intel GPU: Failed to initialize PMU

2024/11/10 (12:36:20) | ===> btop++ v.1.4.0
2024/11/10 (12:36:20) | WARNING: Intel GPU: Failed to initialize PMU

2024/11/10 (12:47:22) | ===> btop++ v.1.4.0
2024/11/10 (12:47:22) | WARNING: Intel GPU: Failed to initialize PMU

2024/11/10 (13:29:09) | ===> btop++ v.1.4.0
2024/11/10 (13:29:09) | WARNING: Intel GPU: Failed to initialize PMU

2024/11/10 (17:36:32) | ===> btop++ v.1.4.0
2024/11/10 (17:36:32) | WARNING: Intel GPU: Failed to initialize PMU

2024/11/10 (20:23:34) | ===> btop++ v.1.4.0
2024/11/10 (20:23:34) | WARNING: Intel GPU: Failed to initialize PMU

2024/11/10 (20:27:56) | ===> btop++ v.1.4.0
2024/11/10 (20:27:56) | WARNING: Intel GPU: Failed to initialize PMU

2024/11/10 (20:34:32) | ===> btop++ v.1.4.0
2024/11/10 (20:34:32) | WARNING: Intel GPU: Failed to initialize PMU
